{"/home/derek/coding/url_shortener/server/app.js": {"path":"/home/derek/coding/url_shortener/server/app.js","statementMap":{"0":{"start":{"line":1,"column":13},"end":{"line":1,"column":28}},"1":{"start":{"line":2,"column":12},"end":{"line":2,"column":43}},"2":{"start":{"line":3,"column":16},"end":{"line":3,"column":34}},"3":{"start":{"line":4,"column":15},"end":{"line":4,"column":32}},"4":{"start":{"line":5,"column":15},"end":{"line":5,"column":32}},"5":{"start":{"line":6,"column":13},"end":{"line":6,"column":28}},"6":{"start":{"line":7,"column":17},"end":{"line":7,"column":36}},"7":{"start":{"line":8,"column":16},"end":{"line":8,"column":42}},"8":{"start":{"line":9,"column":18},"end":{"line":9,"column":47}},"9":{"start":{"line":10,"column":17},"end":{"line":10,"column":45}},"10":{"start":{"line":12,"column":15},"end":{"line":12,"column":45}},"11":{"start":{"line":13,"column":47},"end":{"line":13,"column":71}},"12":{"start":{"line":15,"column":12},"end":{"line":15,"column":21}},"13":{"start":{"line":16,"column":15},"end":{"line":16,"column":41}},"14":{"start":{"line":18,"column":0},"end":{"line":18,"column":24}},"15":{"start":{"line":20,"column":0},"end":{"line":20,"column":18}},"16":{"start":{"line":21,"column":0},"end":{"line":21,"column":53}},"17":{"start":{"line":23,"column":22},"end":{"line":26,"column":2}},"18":{"start":{"line":27,"column":0},"end":{"line":27,"column":57}},"19":{"start":{"line":29,"column":0},"end":{"line":29,"column":23}},"20":{"start":{"line":30,"column":0},"end":{"line":38,"column":2}},"21":{"start":{"line":39,"column":0},"end":{"line":39,"column":31}},"22":{"start":{"line":40,"column":0},"end":{"line":40,"column":28}},"23":{"start":{"line":43,"column":13},"end":{"line":43,"column":40}},"24":{"start":{"line":48,"column":0},"end":{"line":48,"column":24}},"25":{"start":{"line":49,"column":0},"end":{"line":60,"column":2}},"26":{"start":{"line":54,"column":4},"end":{"line":58,"column":5}},"27":{"start":{"line":55,"column":6},"end":{"line":55,"column":13}},"28":{"start":{"line":57,"column":6},"end":{"line":57,"column":36}},"29":{"start":{"line":62,"column":0},"end":{"line":65,"column":3}},"30":{"start":{"line":63,"column":2},"end":{"line":63,"column":24}},"31":{"start":{"line":64,"column":2},"end":{"line":64,"column":45}},"32":{"start":{"line":67,"column":0},"end":{"line":70,"column":3}},"33":{"start":{"line":68,"column":2},"end":{"line":68,"column":15}},"34":{"start":{"line":69,"column":2},"end":{"line":69,"column":23}},"35":{"start":{"line":72,"column":0},"end":{"line":74,"column":3}},"36":{"start":{"line":73,"column":2},"end":{"line":73,"column":62}},"37":{"start":{"line":76,"column":0},"end":{"line":76,"column":21}},"38":{"start":{"line":78,"column":0},"end":{"line":78,"column":25}},"39":{"start":{"line":79,"column":0},"end":{"line":79,"column":29}},"40":{"start":{"line":81,"column":0},"end":{"line":81,"column":21}}},"fnMap":{"0":{"name":"(anonymous_0)","decl":{"start":{"line":53,"column":2},"end":{"line":53,"column":3}},"loc":{"start":{"line":53,"column":28},"end":{"line":59,"column":3}},"line":53},"1":{"name":"(anonymous_1)","decl":{"start":{"line":62,"column":17},"end":{"line":62,"column":18}},"loc":{"start":{"line":62,"column":31},"end":{"line":65,"column":1}},"line":62},"2":{"name":"(anonymous_2)","decl":{"start":{"line":67,"column":19},"end":{"line":67,"column":20}},"loc":{"start":{"line":67,"column":33},"end":{"line":70,"column":1}},"line":67},"3":{"name":"(anonymous_3)","decl":{"start":{"line":72,"column":24},"end":{"line":72,"column":25}},"loc":{"start":{"line":72,"column":38},"end":{"line":74,"column":1}},"line":72}},"branchMap":{"0":{"loc":{"start":{"line":54,"column":4},"end":{"line":58,"column":5}},"type":"if","locations":[{"start":{"line":54,"column":4},"end":{"line":58,"column":5}},{"start":{"line":54,"column":4},"end":{"line":58,"column":5}}],"line":54}},"s":{"0":1,"1":1,"2":1,"3":1,"4":1,"5":1,"6":1,"7":1,"8":1,"9":1,"10":1,"11":1,"12":1,"13":1,"14":1,"15":1,"16":1,"17":1,"18":1,"19":1,"20":1,"21":1,"22":1,"23":1,"24":1,"25":1,"26":11,"27":7,"28":4,"29":1,"30":3,"31":3,"32":1,"33":1,"34":1,"35":1,"36":1,"37":1,"38":1,"39":1,"40":1},"f":{"0":11,"1":3,"2":1,"3":1},"b":{"0":[7,4]},"_coverageSchema":"1a1c01bbd47fc00a2c39e90264f33305004495a9","hash":"5fd45cdde828cb388b13dab7de603a475da0affb"}
,"/home/derek/coding/url_shortener/server/middlewares/error.js": {"path":"/home/derek/coding/url_shortener/server/middlewares/error.js","statementMap":{"0":{"start":{"line":2,"column":16},"end":{"line":2,"column":59}},"1":{"start":{"line":3,"column":2},"end":{"line":3,"column":21}},"2":{"start":{"line":4,"column":2},"end":{"line":4,"column":14}},"3":{"start":{"line":8,"column":2},"end":{"line":12,"column":3}},"4":{"start":{"line":9,"column":4},"end":{"line":9,"column":29}},"5":{"start":{"line":11,"column":4},"end":{"line":11,"column":20}},"6":{"start":{"line":13,"column":2},"end":{"line":15,"column":5}},"7":{"start":{"line":18,"column":0},"end":{"line":18,"column":44}}},"fnMap":{"0":{"name":"notFound","decl":{"start":{"line":1,"column":9},"end":{"line":1,"column":17}},"loc":{"start":{"line":1,"column":34},"end":{"line":5,"column":1}},"line":1},"1":{"name":"errorHandler","decl":{"start":{"line":7,"column":9},"end":{"line":7,"column":21}},"loc":{"start":{"line":7,"column":45},"end":{"line":16,"column":1}},"line":7}},"branchMap":{"0":{"loc":{"start":{"line":8,"column":2},"end":{"line":12,"column":3}},"type":"if","locations":[{"start":{"line":8,"column":2},"end":{"line":12,"column":3}},{"start":{"line":8,"column":2},"end":{"line":12,"column":3}}],"line":8}},"s":{"0":1,"1":1,"2":1,"3":3,"4":1,"5":2,"6":3,"7":1},"f":{"0":1,"1":3},"b":{"0":[1,2]},"_coverageSchema":"1a1c01bbd47fc00a2c39e90264f33305004495a9","hash":"e343c49fc1d4ee7203444ea38dbe1d88bb688b07"}
,"/home/derek/coding/url_shortener/server/router/router.js": {"path":"/home/derek/coding/url_shortener/server/router/router.js","statementMap":{"0":{"start":{"line":1,"column":19},"end":{"line":1,"column":37}},"1":{"start":{"line":2,"column":15},"end":{"line":2,"column":23}},"2":{"start":{"line":4,"column":23},"end":{"line":4,"column":48}},"3":{"start":{"line":5,"column":42},"end":{"line":5,"column":68}},"4":{"start":{"line":7,"column":0},"end":{"line":11,"column":3}},"5":{"start":{"line":8,"column":18},"end":{"line":8,"column":44}},"6":{"start":{"line":9,"column":2},"end":{"line":9,"column":35}},"7":{"start":{"line":9,"column":11},"end":{"line":9,"column":35}},"8":{"start":{"line":10,"column":2},"end":{"line":10,"column":51}},"9":{"start":{"line":13,"column":0},"end":{"line":19,"column":3}},"10":{"start":{"line":14,"column":2},"end":{"line":14,"column":73}},"11":{"start":{"line":14,"column":31},"end":{"line":14,"column":73}},"12":{"start":{"line":15,"column":49},"end":{"line":15,"column":95}},"13":{"start":{"line":16,"column":2},"end":{"line":16,"column":61}},"14":{"start":{"line":16,"column":13},"end":{"line":16,"column":61}},"15":{"start":{"line":17,"column":16},"end":{"line":17,"column":49}},"16":{"start":{"line":18,"column":2},"end":{"line":18,"column":65}},"17":{"start":{"line":21,"column":0},"end":{"line":27,"column":3}},"18":{"start":{"line":22,"column":16},"end":{"line":22,"column":24}},"19":{"start":{"line":23,"column":2},"end":{"line":23,"column":30}},"20":{"start":{"line":24,"column":17},"end":{"line":24,"column":46}},"21":{"start":{"line":25,"column":2},"end":{"line":25,"column":61}},"22":{"start":{"line":25,"column":25},"end":{"line":25,"column":61}},"23":{"start":{"line":26,"column":2},"end":{"line":26,"column":53}},"24":{"start":{"line":29,"column":0},"end":{"line":34,"column":3}},"25":{"start":{"line":30,"column":23},"end":{"line":30,"column":33}},"26":{"start":{"line":31,"column":17},"end":{"line":31,"column":46}},"27":{"start":{"line":32,"column":2},"end":{"line":32,"column":59}},"28":{"start":{"line":32,"column":14},"end":{"line":32,"column":59}},"29":{"start":{"line":33,"column":2},"end":{"line":33,"column":52}},"30":{"start":{"line":36,"column":0},"end":{"line":38,"column":3}},"31":{"start":{"line":37,"column":2},"end":{"line":37,"column":30}},"32":{"start":{"line":40,"column":0},"end":{"line":40,"column":24}}},"fnMap":{"0":{"name":"(anonymous_0)","decl":{"start":{"line":7,"column":29},"end":{"line":7,"column":30}},"loc":{"start":{"line":7,"column":55},"end":{"line":11,"column":1}},"line":7},"1":{"name":"(anonymous_1)","decl":{"start":{"line":13,"column":29},"end":{"line":13,"column":30}},"loc":{"start":{"line":13,"column":55},"end":{"line":19,"column":1}},"line":13},"2":{"name":"(anonymous_2)","decl":{"start":{"line":21,"column":20},"end":{"line":21,"column":21}},"loc":{"start":{"line":21,"column":40},"end":{"line":27,"column":1}},"line":21},"3":{"name":"(anonymous_3)","decl":{"start":{"line":29,"column":19},"end":{"line":29,"column":20}},"loc":{"start":{"line":29,"column":39},"end":{"line":34,"column":1}},"line":29},"4":{"name":"(anonymous_4)","decl":{"start":{"line":36,"column":16},"end":{"line":36,"column":17}},"loc":{"start":{"line":36,"column":36},"end":{"line":38,"column":1}},"line":36}},"branchMap":{"0":{"loc":{"start":{"line":9,"column":2},"end":{"line":9,"column":35}},"type":"if","locations":[{"start":{"line":9,"column":2},"end":{"line":9,"column":35}},{"start":{"line":9,"column":2},"end":{"line":9,"column":35}}],"line":9},"1":{"loc":{"start":{"line":14,"column":2},"end":{"line":14,"column":73}},"type":"if","locations":[{"start":{"line":14,"column":2},"end":{"line":14,"column":73}},{"start":{"line":14,"column":2},"end":{"line":14,"column":73}}],"line":14},"2":{"loc":{"start":{"line":16,"column":2},"end":{"line":16,"column":61}},"type":"if","locations":[{"start":{"line":16,"column":2},"end":{"line":16,"column":61}},{"start":{"line":16,"column":2},"end":{"line":16,"column":61}}],"line":16},"3":{"loc":{"start":{"line":25,"column":2},"end":{"line":25,"column":61}},"type":"if","locations":[{"start":{"line":25,"column":2},"end":{"line":25,"column":61}},{"start":{"line":25,"column":2},"end":{"line":25,"column":61}}],"line":25},"4":{"loc":{"start":{"line":32,"column":2},"end":{"line":32,"column":59}},"type":"if","locations":[{"start":{"line":32,"column":2},"end":{"line":32,"column":59}},{"start":{"line":32,"column":2},"end":{"line":32,"column":59}}],"line":32}},"s":{"0":1,"1":1,"2":1,"3":1,"4":1,"5":2,"6":2,"7":1,"8":1,"9":1,"10":5,"11":1,"12":4,"13":4,"14":1,"15":3,"16":3,"17":1,"18":2,"19":2,"20":2,"21":2,"22":1,"23":1,"24":1,"25":2,"26":2,"27":2,"28":1,"29":1,"30":1,"31":1,"32":1},"f":{"0":2,"1":5,"2":2,"3":2,"4":1},"b":{"0":[1,1],"1":[1,4],"2":[1,3],"3":[1,1],"4":[1,1]},"_coverageSchema":"1a1c01bbd47fc00a2c39e90264f33305004495a9","hash":"a9726b36f9fa210ef874c79c6a1536fe10970e33"}
,"/home/derek/coding/url_shortener/server/tests/mockAuth.js": {"path":"/home/derek/coding/url_shortener/server/tests/mockAuth.js","statementMap":{"0":{"start":{"line":1,"column":19},"end":{"line":1,"column":37}},"1":{"start":{"line":2,"column":15},"end":{"line":2,"column":23}},"2":{"start":{"line":4,"column":17},"end":{"line":4,"column":36}},"3":{"start":{"line":5,"column":21},"end":{"line":5,"column":54}},"4":{"start":{"line":7,"column":0},"end":{"line":23,"column":2}},"5":{"start":{"line":15,"column":17},"end":{"line":15,"column":35}},"6":{"start":{"line":16,"column":6},"end":{"line":20,"column":7}},"7":{"start":{"line":17,"column":8},"end":{"line":17,"column":25}},"8":{"start":{"line":19,"column":8},"end":{"line":19,"column":26}},"9":{"start":{"line":25,"column":0},"end":{"line":33,"column":2}},"10":{"start":{"line":28,"column":4},"end":{"line":28,"column":19}},"11":{"start":{"line":31,"column":4},"end":{"line":31,"column":19}},"12":{"start":{"line":35,"column":0},"end":{"line":41,"column":2}},"13":{"start":{"line":43,"column":0},"end":{"line":43,"column":24}}},"fnMap":{"0":{"name":"(anonymous_0)","decl":{"start":{"line":14,"column":4},"end":{"line":14,"column":5}},"loc":{"start":{"line":14,"column":25},"end":{"line":21,"column":5}},"line":14},"1":{"name":"(anonymous_1)","decl":{"start":{"line":27,"column":2},"end":{"line":27,"column":3}},"loc":{"start":{"line":27,"column":16},"end":{"line":29,"column":3}},"line":27},"2":{"name":"(anonymous_2)","decl":{"start":{"line":30,"column":2},"end":{"line":30,"column":3}},"loc":{"start":{"line":30,"column":16},"end":{"line":32,"column":3}},"line":30}},"branchMap":{"0":{"loc":{"start":{"line":16,"column":6},"end":{"line":20,"column":7}},"type":"if","locations":[{"start":{"line":16,"column":6},"end":{"line":20,"column":7}},{"start":{"line":16,"column":6},"end":{"line":20,"column":7}}],"line":16}},"s":{"0":1,"1":1,"2":1,"3":1,"4":1,"5":2,"6":2,"7":1,"8":1,"9":1,"10":1,"11":10,"12":1,"13":1},"f":{"0":2,"1":1,"2":10},"b":{"0":[1,1]},"_coverageSchema":"1a1c01bbd47fc00a2c39e90264f33305004495a9","hash":"e563afb840262746f4879b8d517ec7f5bf074ca5"}
,"/home/derek/coding/url_shortener/server/util/config.js": {"path":"/home/derek/coding/url_shortener/server/util/config.js","statementMap":{"0":{"start":{"line":1,"column":0},"end":{"line":1,"column":27}},"1":{"start":{"line":2,"column":12},"end":{"line":2,"column":26}},"2":{"start":{"line":3,"column":17},"end":{"line":3,"column":44}},"3":{"start":{"line":5,"column":20},"end":{"line":5,"column":40}},"4":{"start":{"line":7,"column":17},"end":{"line":7,"column":33}},"5":{"start":{"line":8,"column":13},"end":{"line":8,"column":29}},"6":{"start":{"line":9,"column":15},"end":{"line":9,"column":33}},"7":{"start":{"line":10,"column":18},"end":{"line":10,"column":40}},"8":{"start":{"line":12,"column":18},"end":{"line":41,"column":1}},"9":{"start":{"line":43,"column":24},"end":{"line":43,"column":108}},"10":{"start":{"line":45,"column":27},"end":{"line":50,"column":1}},"11":{"start":{"line":53,"column":2},"end":{"line":53,"column":155}},"12":{"start":{"line":55,"column":23},"end":{"line":72,"column":1}},"13":{"start":{"line":56,"column":15},"end":{"line":69,"column":24}},"14":{"start":{"line":69,"column":20},"end":{"line":69,"column":23}},"15":{"start":{"line":70,"column":2},"end":{"line":70,"column":70}},"16":{"start":{"line":70,"column":21},"end":{"line":70,"column":70}},"17":{"start":{"line":71,"column":2},"end":{"line":71,"column":38}},"18":{"start":{"line":74,"column":9},"end":{"line":74,"column":66}},"19":{"start":{"line":76,"column":0},"end":{"line":87,"column":2}}},"fnMap":{"0":{"name":"(anonymous_0)","decl":{"start":{"line":55,"column":23},"end":{"line":55,"column":24}},"loc":{"start":{"line":55,"column":40},"end":{"line":72,"column":1}},"line":55},"1":{"name":"(anonymous_1)","decl":{"start":{"line":69,"column":11},"end":{"line":69,"column":12}},"loc":{"start":{"line":69,"column":20},"end":{"line":69,"column":23}},"line":69}},"branchMap":{"0":{"loc":{"start":{"line":70,"column":2},"end":{"line":70,"column":70}},"type":"if","locations":[{"start":{"line":70,"column":2},"end":{"line":70,"column":70}},{"start":{"line":70,"column":2},"end":{"line":70,"column":70}}],"line":70}},"s":{"0":3,"1":3,"2":3,"3":3,"4":3,"5":3,"6":3,"7":3,"8":3,"9":3,"10":3,"11":3,"12":3,"13":16,"14":3,"15":16,"16":3,"17":13,"18":3,"19":3},"f":{"0":16,"1":3},"b":{"0":[3,13]},"_coverageSchema":"1a1c01bbd47fc00a2c39e90264f33305004495a9","hash":"d286a03a67d51a623ce7cab97a22b128887138a1"}
,"/home/derek/coding/url_shortener/server/util/database.js": {"path":"/home/derek/coding/url_shortener/server/util/database.js","statementMap":{"0":{"start":{"line":1,"column":34},"end":{"line":1,"column":52}},"1":{"start":{"line":5,"column":4},"end":{"line":5,"column":19}},"2":{"start":{"line":6,"column":4},"end":{"line":6,"column":49}},"3":{"start":{"line":7,"column":4},"end":{"line":7,"column":82}},"4":{"start":{"line":8,"column":4},"end":{"line":8,"column":20}},"5":{"start":{"line":9,"column":4},"end":{"line":9,"column":12}},"6":{"start":{"line":10,"column":4},"end":{"line":10,"column":31}},"7":{"start":{"line":14,"column":4},"end":{"line":14,"column":37}},"8":{"start":{"line":15,"column":4},"end":{"line":15,"column":112}},"9":{"start":{"line":15,"column":70},"end":{"line":15,"column":109}},"10":{"start":{"line":16,"column":4},"end":{"line":16,"column":36}},"11":{"start":{"line":17,"column":4},"end":{"line":17,"column":28}},"12":{"start":{"line":18,"column":4},"end":{"line":18,"column":16}},"13":{"start":{"line":22,"column":4},"end":{"line":25,"column":7}},"14":{"start":{"line":26,"column":4},"end":{"line":26,"column":53}},"15":{"start":{"line":27,"column":4},"end":{"line":27,"column":30}},"16":{"start":{"line":31,"column":4},"end":{"line":31,"column":35}},"17":{"start":{"line":34,"column":4},"end":{"line":34,"column":46}},"18":{"start":{"line":38,"column":22},"end":{"line":38,"column":60}},"19":{"start":{"line":39,"column":4},"end":{"line":39,"column":55}},"20":{"start":{"line":40,"column":4},"end":{"line":40,"column":23}},"21":{"start":{"line":43,"column":4},"end":{"line":43,"column":58}},"22":{"start":{"line":46,"column":4},"end":{"line":46,"column":43}},"23":{"start":{"line":49,"column":4},"end":{"line":52,"column":45}},"24":{"start":{"line":51,"column":21},"end":{"line":51,"column":24}},"25":{"start":{"line":52,"column":22},"end":{"line":52,"column":43}},"26":{"start":{"line":55,"column":4},"end":{"line":55,"column":87}},"27":{"start":{"line":58,"column":4},"end":{"line":58,"column":67}},"28":{"start":{"line":61,"column":4},"end":{"line":61,"column":56}},"29":{"start":{"line":64,"column":4},"end":{"line":64,"column":47}},"30":{"start":{"line":68,"column":18},"end":{"line":68,"column":45}},"31":{"start":{"line":69,"column":4},"end":{"line":72,"column":45}},"32":{"start":{"line":71,"column":21},"end":{"line":71,"column":24}},"33":{"start":{"line":72,"column":22},"end":{"line":72,"column":43}},"34":{"start":{"line":75,"column":18},"end":{"line":75,"column":45}},"35":{"start":{"line":76,"column":4},"end":{"line":76,"column":39}},"36":{"start":{"line":79,"column":18},"end":{"line":79,"column":45}},"37":{"start":{"line":80,"column":4},"end":{"line":80,"column":33}},"38":{"start":{"line":83,"column":27},"end":{"line":83,"column":63}},"39":{"start":{"line":84,"column":4},"end":{"line":84,"column":54}},"40":{"start":{"line":87,"column":18},"end":{"line":87,"column":45}},"41":{"start":{"line":88,"column":4},"end":{"line":88,"column":46}},"42":{"start":{"line":91,"column":17},"end":{"line":91,"column":43}},"43":{"start":{"line":92,"column":4},"end":{"line":95,"column":45}},"44":{"start":{"line":94,"column":21},"end":{"line":94,"column":24}},"45":{"start":{"line":95,"column":22},"end":{"line":95,"column":43}},"46":{"start":{"line":98,"column":17},"end":{"line":98,"column":43}},"47":{"start":{"line":99,"column":17},"end":{"line":99,"column":45}},"48":{"start":{"line":100,"column":4},"end":{"line":100,"column":26}},"49":{"start":{"line":103,"column":17},"end":{"line":103,"column":43}},"50":{"start":{"line":104,"column":4},"end":{"line":104,"column":69}},"51":{"start":{"line":107,"column":19},"end":{"line":107,"column":47}},"52":{"start":{"line":108,"column":4},"end":{"line":108,"column":54}},"53":{"start":{"line":109,"column":4},"end":{"line":109,"column":62}},"54":{"start":{"line":113,"column":0},"end":{"line":113,"column":26}}},"fnMap":{"0":{"name":"(anonymous_0)","decl":{"start":{"line":4,"column":2},"end":{"line":4,"column":3}},"loc":{"start":{"line":4,"column":36},"end":{"line":11,"column":3}},"line":4},"1":{"name":"(anonymous_1)","decl":{"start":{"line":13,"column":2},"end":{"line":13,"column":3}},"loc":{"start":{"line":13,"column":28},"end":{"line":19,"column":3}},"line":13},"2":{"name":"(anonymous_2)","decl":{"start":{"line":15,"column":48},"end":{"line":15,"column":49}},"loc":{"start":{"line":15,"column":70},"end":{"line":15,"column":109}},"line":15},"3":{"name":"(anonymous_3)","decl":{"start":{"line":21,"column":2},"end":{"line":21,"column":3}},"loc":{"start":{"line":21,"column":30},"end":{"line":28,"column":3}},"line":21},"4":{"name":"(anonymous_4)","decl":{"start":{"line":30,"column":2},"end":{"line":30,"column":3}},"loc":{"start":{"line":30,"column":21},"end":{"line":32,"column":3}},"line":30},"5":{"name":"(anonymous_5)","decl":{"start":{"line":33,"column":2},"end":{"line":33,"column":3}},"loc":{"start":{"line":33,"column":17},"end":{"line":35,"column":3}},"line":33},"6":{"name":"(anonymous_6)","decl":{"start":{"line":37,"column":2},"end":{"line":37,"column":3}},"loc":{"start":{"line":37,"column":53},"end":{"line":41,"column":3}},"line":37},"7":{"name":"(anonymous_7)","decl":{"start":{"line":42,"column":2},"end":{"line":42,"column":3}},"loc":{"start":{"line":42,"column":37},"end":{"line":44,"column":3}},"line":42},"8":{"name":"(anonymous_8)","decl":{"start":{"line":45,"column":2},"end":{"line":45,"column":3}},"loc":{"start":{"line":45,"column":27},"end":{"line":47,"column":3}},"line":45},"9":{"name":"(anonymous_9)","decl":{"start":{"line":48,"column":2},"end":{"line":48,"column":3}},"loc":{"start":{"line":48,"column":41},"end":{"line":53,"column":3}},"line":48},"10":{"name":"(anonymous_10)","decl":{"start":{"line":51,"column":12},"end":{"line":51,"column":13}},"loc":{"start":{"line":51,"column":21},"end":{"line":51,"column":24}},"line":51},"11":{"name":"(anonymous_11)","decl":{"start":{"line":52,"column":13},"end":{"line":52,"column":14}},"loc":{"start":{"line":52,"column":22},"end":{"line":52,"column":43}},"line":52},"12":{"name":"(anonymous_12)","decl":{"start":{"line":54,"column":2},"end":{"line":54,"column":3}},"loc":{"start":{"line":54,"column":40},"end":{"line":56,"column":3}},"line":54},"13":{"name":"(anonymous_13)","decl":{"start":{"line":57,"column":2},"end":{"line":57,"column":3}},"loc":{"start":{"line":57,"column":40},"end":{"line":59,"column":3}},"line":57},"14":{"name":"(anonymous_14)","decl":{"start":{"line":60,"column":2},"end":{"line":60,"column":3}},"loc":{"start":{"line":60,"column":41},"end":{"line":62,"column":3}},"line":60},"15":{"name":"(anonymous_15)","decl":{"start":{"line":63,"column":2},"end":{"line":63,"column":3}},"loc":{"start":{"line":63,"column":29},"end":{"line":65,"column":3}},"line":63},"16":{"name":"(anonymous_16)","decl":{"start":{"line":67,"column":2},"end":{"line":67,"column":3}},"loc":{"start":{"line":67,"column":22},"end":{"line":73,"column":3}},"line":67},"17":{"name":"(anonymous_17)","decl":{"start":{"line":71,"column":12},"end":{"line":71,"column":13}},"loc":{"start":{"line":71,"column":21},"end":{"line":71,"column":24}},"line":71},"18":{"name":"(anonymous_18)","decl":{"start":{"line":72,"column":13},"end":{"line":72,"column":14}},"loc":{"start":{"line":72,"column":22},"end":{"line":72,"column":43}},"line":72},"19":{"name":"(anonymous_19)","decl":{"start":{"line":74,"column":2},"end":{"line":74,"column":3}},"loc":{"start":{"line":74,"column":24},"end":{"line":77,"column":3}},"line":74},"20":{"name":"(anonymous_20)","decl":{"start":{"line":78,"column":2},"end":{"line":78,"column":3}},"loc":{"start":{"line":78,"column":30},"end":{"line":81,"column":3}},"line":78},"21":{"name":"(anonymous_21)","decl":{"start":{"line":82,"column":2},"end":{"line":82,"column":3}},"loc":{"start":{"line":82,"column":35},"end":{"line":85,"column":3}},"line":82},"22":{"name":"(anonymous_22)","decl":{"start":{"line":86,"column":2},"end":{"line":86,"column":3}},"loc":{"start":{"line":86,"column":27},"end":{"line":89,"column":3}},"line":86},"23":{"name":"(anonymous_23)","decl":{"start":{"line":90,"column":2},"end":{"line":90,"column":3}},"loc":{"start":{"line":90,"column":33},"end":{"line":96,"column":3}},"line":90},"24":{"name":"(anonymous_24)","decl":{"start":{"line":94,"column":12},"end":{"line":94,"column":13}},"loc":{"start":{"line":94,"column":21},"end":{"line":94,"column":24}},"line":94},"25":{"name":"(anonymous_25)","decl":{"start":{"line":95,"column":13},"end":{"line":95,"column":14}},"loc":{"start":{"line":95,"column":22},"end":{"line":95,"column":43}},"line":95},"26":{"name":"(anonymous_26)","decl":{"start":{"line":97,"column":2},"end":{"line":97,"column":3}},"loc":{"start":{"line":97,"column":29},"end":{"line":101,"column":3}},"line":97},"27":{"name":"(anonymous_27)","decl":{"start":{"line":102,"column":2},"end":{"line":102,"column":3}},"loc":{"start":{"line":102,"column":29},"end":{"line":105,"column":3}},"line":102},"28":{"name":"(anonymous_28)","decl":{"start":{"line":106,"column":2},"end":{"line":106,"column":3}},"loc":{"start":{"line":106,"column":27},"end":{"line":110,"column":3}},"line":106}},"branchMap":{"0":{"loc":{"start":{"line":6,"column":27},"end":{"line":6,"column":48}},"type":"binary-expr","locations":[{"start":{"line":6,"column":27},"end":{"line":6,"column":42}},{"start":{"line":6,"column":46},"end":{"line":6,"column":48}}],"line":6},"1":{"loc":{"start":{"line":7,"column":28},"end":{"line":7,"column":81}},"type":"cond-expr","locations":[{"start":{"line":7,"column":46},"end":{"line":7,"column":76}},{"start":{"line":7,"column":79},"end":{"line":7,"column":81}}],"line":7},"2":{"loc":{"start":{"line":100,"column":11},"end":{"line":100,"column":25}},"type":"binary-expr","locations":[{"start":{"line":100,"column":11},"end":{"line":100,"column":17}},{"start":{"line":100,"column":21},"end":{"line":100,"column":25}}],"line":100}},"s":{"0":3,"1":5,"2":5,"3":5,"4":5,"5":5,"6":5,"7":1,"8":1,"9":4,"10":1,"11":1,"12":1,"13":5,"14":5,"15":5,"16":5,"17":2,"18":1,"19":1,"20":1,"21":3,"22":2,"23":6,"24":5,"25":1,"26":1,"27":8,"28":1,"29":6,"30":6,"31":6,"32":4,"33":2,"34":2,"35":2,"36":5,"37":5,"38":2,"39":2,"40":1,"41":1,"42":11,"43":11,"44":9,"45":2,"46":16,"47":16,"48":16,"49":3,"50":3,"51":5,"52":5,"53":5,"54":3},"f":{"0":5,"1":1,"2":4,"3":5,"4":5,"5":2,"6":1,"7":3,"8":2,"9":6,"10":5,"11":1,"12":1,"13":8,"14":1,"15":6,"16":6,"17":4,"18":2,"19":2,"20":5,"21":2,"22":1,"23":11,"24":9,"25":2,"26":16,"27":3,"28":5},"b":{"0":[5,1],"1":[4,1],"2":[16,10]},"_coverageSchema":"1a1c01bbd47fc00a2c39e90264f33305004495a9","hash":"2feccf43d5d37c956c487a1726cd6ff1bf8473b4"}
,"/home/derek/coding/url_shortener/server/util/helpers.js": {"path":"/home/derek/coding/url_shortener/server/util/helpers.js","statementMap":{"0":{"start":{"line":1,"column":19},"end":{"line":1,"column":36}},"1":{"start":{"line":2,"column":27},"end":{"line":2,"column":46}},"2":{"start":{"line":3,"column":15},"end":{"line":3,"column":34}},"3":{"start":{"line":6,"column":2},"end":{"line":6,"column":30}},"4":{"start":{"line":7,"column":25},"end":{"line":7,"column":60}},"5":{"start":{"line":8,"column":2},"end":{"line":8,"column":30}},"6":{"start":{"line":8,"column":13},"end":{"line":8,"column":30}},"7":{"start":{"line":9,"column":2},"end":{"line":9,"column":40}},"8":{"start":{"line":9,"column":23},"end":{"line":9,"column":40}},"9":{"start":{"line":10,"column":2},"end":{"line":10,"column":28}},"10":{"start":{"line":11,"column":25},"end":{"line":11,"column":54}},"11":{"start":{"line":12,"column":2},"end":{"line":12,"column":65}},"12":{"start":{"line":12,"column":24},"end":{"line":12,"column":65}},"13":{"start":{"line":13,"column":2},"end":{"line":13,"column":43}},"14":{"start":{"line":17,"column":2},"end":{"line":17,"column":40}},"15":{"start":{"line":18,"column":2},"end":{"line":18,"column":37}},"16":{"start":{"line":19,"column":2},"end":{"line":19,"column":13}},"17":{"start":{"line":23,"column":13},"end":{"line":23,"column":51}},"18":{"start":{"line":24,"column":2},"end":{"line":24,"column":36}},"19":{"start":{"line":24,"column":12},"end":{"line":24,"column":36}},"20":{"start":{"line":25,"column":21},"end":{"line":29,"column":3}},"21":{"start":{"line":30,"column":2},"end":{"line":30,"column":38}},"22":{"start":{"line":31,"column":2},"end":{"line":31,"column":27}},"23":{"start":{"line":34,"column":0},"end":{"line":34,"column":69}}},"fnMap":{"0":{"name":"cleanInputs","decl":{"start":{"line":5,"column":15},"end":{"line":5,"column":26}},"loc":{"start":{"line":5,"column":66},"end":{"line":14,"column":1}},"line":5},"1":{"name":"stripsWebAddress","decl":{"start":{"line":16,"column":9},"end":{"line":16,"column":25}},"loc":{"start":{"line":16,"column":31},"end":{"line":20,"column":1}},"line":16},"2":{"name":"isUserAuthorized","decl":{"start":{"line":22,"column":15},"end":{"line":22,"column":31}},"loc":{"start":{"line":22,"column":59},"end":{"line":32,"column":1}},"line":22}},"branchMap":{"0":{"loc":{"start":{"line":5,"column":38},"end":{"line":5,"column":64}},"type":"default-arg","locations":[{"start":{"line":5,"column":59},"end":{"line":5,"column":64}}],"line":5},"1":{"loc":{"start":{"line":8,"column":2},"end":{"line":8,"column":30}},"type":"if","locations":[{"start":{"line":8,"column":2},"end":{"line":8,"column":30}},{"start":{"line":8,"column":2},"end":{"line":8,"column":30}}],"line":8},"2":{"loc":{"start":{"line":9,"column":2},"end":{"line":9,"column":40}},"type":"if","locations":[{"start":{"line":9,"column":2},"end":{"line":9,"column":40}},{"start":{"line":9,"column":2},"end":{"line":9,"column":40}}],"line":9},"3":{"loc":{"start":{"line":9,"column":6},"end":{"line":9,"column":21}},"type":"binary-expr","locations":[{"start":{"line":9,"column":6},"end":{"line":9,"column":11}},{"start":{"line":9,"column":15},"end":{"line":9,"column":21}}],"line":9},"4":{"loc":{"start":{"line":12,"column":2},"end":{"line":12,"column":65}},"type":"if","locations":[{"start":{"line":12,"column":2},"end":{"line":12,"column":65}},{"start":{"line":12,"column":2},"end":{"line":12,"column":65}}],"line":12},"5":{"loc":{"start":{"line":24,"column":2},"end":{"line":24,"column":36}},"type":"if","locations":[{"start":{"line":24,"column":2},"end":{"line":24,"column":36}},{"start":{"line":24,"column":2},"end":{"line":24,"column":36}}],"line":24}},"s":{"0":2,"1":2,"2":2,"3":16,"4":16,"5":16,"6":3,"7":13,"8":6,"9":13,"10":13,"11":13,"12":4,"13":9,"14":18,"15":18,"16":18,"17":2,"18":2,"19":1,"20":1,"21":1,"22":1,"23":2},"f":{"0":16,"1":18,"2":2},"b":{"0":[12],"1":[3,13],"2":[6,7],"3":[13,7],"4":[4,9],"5":[1,1]},"_coverageSchema":"1a1c01bbd47fc00a2c39e90264f33305004495a9","hash":"77b21bd59a23fce4d921c032e8436aec935b6b50"}
}
