{"/home/derek/coding/url_shortener/server/lib/config.js": {"path":"/home/derek/coding/url_shortener/server/lib/config.js","statementMap":{"0":{"start":{"line":1,"column":0},"end":{"line":1,"column":27}},"1":{"start":{"line":2,"column":12},"end":{"line":2,"column":26}},"2":{"start":{"line":3,"column":17},"end":{"line":3,"column":43}},"3":{"start":{"line":5,"column":20},"end":{"line":5,"column":40}},"4":{"start":{"line":7,"column":17},"end":{"line":7,"column":33}},"5":{"start":{"line":8,"column":13},"end":{"line":8,"column":29}},"6":{"start":{"line":9,"column":18},"end":{"line":9,"column":40}},"7":{"start":{"line":11,"column":18},"end":{"line":40,"column":1}},"8":{"start":{"line":43,"column":2},"end":{"line":43,"column":155}},"9":{"start":{"line":45,"column":15},"end":{"line":53,"column":2}},"10":{"start":{"line":55,"column":9},"end":{"line":55,"column":49}},"11":{"start":{"line":57,"column":0},"end":{"line":57,"column":83}}},"fnMap":{},"branchMap":{},"s":{"0":2,"1":2,"2":2,"3":2,"4":2,"5":2,"6":2,"7":2,"8":2,"9":2,"10":2,"11":2},"f":{},"b":{},"_coverageSchema":"1a1c01bbd47fc00a2c39e90264f33305004495a9","hash":"31090ef105fe789d2c2e28408025cabce167684e"}
,"/home/derek/coding/url_shortener/server/lib/database.js": {"path":"/home/derek/coding/url_shortener/server/lib/database.js","statementMap":{"0":{"start":{"line":1,"column":24},"end":{"line":1,"column":42}},"1":{"start":{"line":5,"column":4},"end":{"line":5,"column":19}},"2":{"start":{"line":6,"column":4},"end":{"line":6,"column":20}},"3":{"start":{"line":7,"column":4},"end":{"line":7,"column":12}},"4":{"start":{"line":11,"column":4},"end":{"line":14,"column":7}},"5":{"start":{"line":15,"column":4},"end":{"line":15,"column":53}},"6":{"start":{"line":16,"column":4},"end":{"line":16,"column":58}},"7":{"start":{"line":17,"column":4},"end":{"line":17,"column":27}},"8":{"start":{"line":21,"column":4},"end":{"line":21,"column":35}},"9":{"start":{"line":24,"column":4},"end":{"line":24,"column":46}},"10":{"start":{"line":28,"column":22},"end":{"line":28,"column":60}},"11":{"start":{"line":29,"column":4},"end":{"line":29,"column":55}},"12":{"start":{"line":30,"column":4},"end":{"line":30,"column":23}},"13":{"start":{"line":33,"column":4},"end":{"line":33,"column":58}},"14":{"start":{"line":36,"column":4},"end":{"line":36,"column":49}},"15":{"start":{"line":39,"column":4},"end":{"line":39,"column":58}},"16":{"start":{"line":42,"column":4},"end":{"line":42,"column":67}},"17":{"start":{"line":45,"column":4},"end":{"line":45,"column":56}},"18":{"start":{"line":48,"column":4},"end":{"line":48,"column":53}},"19":{"start":{"line":51,"column":18},"end":{"line":51,"column":45}},"20":{"start":{"line":52,"column":4},"end":{"line":52,"column":39}},"21":{"start":{"line":55,"column":18},"end":{"line":55,"column":45}},"22":{"start":{"line":56,"column":4},"end":{"line":56,"column":44}},"23":{"start":{"line":59,"column":18},"end":{"line":59,"column":45}},"24":{"start":{"line":60,"column":4},"end":{"line":60,"column":46}},"25":{"start":{"line":63,"column":17},"end":{"line":63,"column":43}},"26":{"start":{"line":64,"column":4},"end":{"line":64,"column":47}},"27":{"start":{"line":67,"column":17},"end":{"line":67,"column":43}},"28":{"start":{"line":68,"column":17},"end":{"line":68,"column":45}},"29":{"start":{"line":69,"column":4},"end":{"line":69,"column":26}},"30":{"start":{"line":72,"column":17},"end":{"line":72,"column":43}},"31":{"start":{"line":73,"column":4},"end":{"line":73,"column":40}},"32":{"start":{"line":77,"column":0},"end":{"line":77,"column":26}}},"fnMap":{"0":{"name":"(anonymous_0)","decl":{"start":{"line":4,"column":2},"end":{"line":4,"column":3}},"loc":{"start":{"line":4,"column":19},"end":{"line":8,"column":3}},"line":4},"1":{"name":"(anonymous_1)","decl":{"start":{"line":10,"column":2},"end":{"line":10,"column":3}},"loc":{"start":{"line":10,"column":30},"end":{"line":18,"column":3}},"line":10},"2":{"name":"(anonymous_2)","decl":{"start":{"line":20,"column":2},"end":{"line":20,"column":3}},"loc":{"start":{"line":20,"column":21},"end":{"line":22,"column":3}},"line":20},"3":{"name":"(anonymous_3)","decl":{"start":{"line":23,"column":2},"end":{"line":23,"column":3}},"loc":{"start":{"line":23,"column":17},"end":{"line":25,"column":3}},"line":23},"4":{"name":"(anonymous_4)","decl":{"start":{"line":27,"column":2},"end":{"line":27,"column":3}},"loc":{"start":{"line":27,"column":53},"end":{"line":31,"column":3}},"line":27},"5":{"name":"(anonymous_5)","decl":{"start":{"line":32,"column":2},"end":{"line":32,"column":3}},"loc":{"start":{"line":32,"column":37},"end":{"line":34,"column":3}},"line":32},"6":{"name":"(anonymous_6)","decl":{"start":{"line":35,"column":2},"end":{"line":35,"column":3}},"loc":{"start":{"line":35,"column":27},"end":{"line":37,"column":3}},"line":35},"7":{"name":"(anonymous_7)","decl":{"start":{"line":38,"column":2},"end":{"line":38,"column":3}},"loc":{"start":{"line":38,"column":41},"end":{"line":40,"column":3}},"line":38},"8":{"name":"(anonymous_8)","decl":{"start":{"line":41,"column":2},"end":{"line":41,"column":3}},"loc":{"start":{"line":41,"column":40},"end":{"line":43,"column":3}},"line":41},"9":{"name":"(anonymous_9)","decl":{"start":{"line":44,"column":2},"end":{"line":44,"column":3}},"loc":{"start":{"line":44,"column":41},"end":{"line":46,"column":3}},"line":44},"10":{"name":"(anonymous_10)","decl":{"start":{"line":47,"column":2},"end":{"line":47,"column":3}},"loc":{"start":{"line":47,"column":29},"end":{"line":49,"column":3}},"line":47},"11":{"name":"(anonymous_11)","decl":{"start":{"line":50,"column":2},"end":{"line":50,"column":3}},"loc":{"start":{"line":50,"column":22},"end":{"line":53,"column":3}},"line":50},"12":{"name":"(anonymous_12)","decl":{"start":{"line":54,"column":2},"end":{"line":54,"column":3}},"loc":{"start":{"line":54,"column":24},"end":{"line":57,"column":3}},"line":54},"13":{"name":"(anonymous_13)","decl":{"start":{"line":58,"column":2},"end":{"line":58,"column":3}},"loc":{"start":{"line":58,"column":27},"end":{"line":61,"column":3}},"line":58},"14":{"name":"(anonymous_14)","decl":{"start":{"line":62,"column":2},"end":{"line":62,"column":3}},"loc":{"start":{"line":62,"column":33},"end":{"line":65,"column":3}},"line":62},"15":{"name":"(anonymous_15)","decl":{"start":{"line":66,"column":2},"end":{"line":66,"column":3}},"loc":{"start":{"line":66,"column":29},"end":{"line":70,"column":3}},"line":66},"16":{"name":"(anonymous_16)","decl":{"start":{"line":71,"column":2},"end":{"line":71,"column":3}},"loc":{"start":{"line":71,"column":29},"end":{"line":74,"column":3}},"line":71}},"branchMap":{"0":{"loc":{"start":{"line":69,"column":11},"end":{"line":69,"column":25}},"type":"binary-expr","locations":[{"start":{"line":69,"column":11},"end":{"line":69,"column":17}},{"start":{"line":69,"column":21},"end":{"line":69,"column":25}}],"line":69}},"s":{"0":2,"1":3,"2":3,"3":3,"4":3,"5":3,"6":3,"7":3,"8":3,"9":3,"10":1,"11":1,"12":1,"13":2,"14":2,"15":1,"16":1,"17":1,"18":2,"19":1,"20":1,"21":2,"22":2,"23":1,"24":1,"25":5,"26":5,"27":10,"28":10,"29":10,"30":1,"31":1,"32":2},"f":{"0":3,"1":3,"2":3,"3":3,"4":1,"5":2,"6":2,"7":1,"8":1,"9":1,"10":2,"11":1,"12":2,"13":1,"14":5,"15":10,"16":1},"b":{"0":[10,6]},"_coverageSchema":"1a1c01bbd47fc00a2c39e90264f33305004495a9","hash":"b6740767a9817015b62d0528bdd5f9e4d2f382d2"}
,"/home/derek/coding/url_shortener/server/lib/helpers.js": {"path":"/home/derek/coding/url_shortener/server/lib/helpers.js","statementMap":{"0":{"start":{"line":1,"column":19},"end":{"line":1,"column":36}},"1":{"start":{"line":2,"column":19},"end":{"line":2,"column":38}},"2":{"start":{"line":3,"column":15},"end":{"line":3,"column":34}},"3":{"start":{"line":6,"column":2},"end":{"line":6,"column":30}},"4":{"start":{"line":7,"column":14},"end":{"line":7,"column":49}},"5":{"start":{"line":8,"column":2},"end":{"line":8,"column":40}},"6":{"start":{"line":8,"column":23},"end":{"line":8,"column":40}},"7":{"start":{"line":9,"column":2},"end":{"line":9,"column":28}},"8":{"start":{"line":10,"column":25},"end":{"line":10,"column":54}},"9":{"start":{"line":11,"column":2},"end":{"line":11,"column":70}},"10":{"start":{"line":11,"column":24},"end":{"line":11,"column":70}},"11":{"start":{"line":12,"column":2},"end":{"line":12,"column":43}},"12":{"start":{"line":16,"column":2},"end":{"line":16,"column":40}},"13":{"start":{"line":17,"column":2},"end":{"line":17,"column":37}},"14":{"start":{"line":18,"column":2},"end":{"line":18,"column":13}},"15":{"start":{"line":21,"column":0},"end":{"line":21,"column":38}}},"fnMap":{"0":{"name":"schemaValidation","decl":{"start":{"line":5,"column":15},"end":{"line":5,"column":31}},"loc":{"start":{"line":5,"column":71},"end":{"line":13,"column":1}},"line":5},"1":{"name":"stripsWebAddress","decl":{"start":{"line":15,"column":9},"end":{"line":15,"column":25}},"loc":{"start":{"line":15,"column":31},"end":{"line":19,"column":1}},"line":15}},"branchMap":{"0":{"loc":{"start":{"line":5,"column":43},"end":{"line":5,"column":69}},"type":"default-arg","locations":[{"start":{"line":5,"column":64},"end":{"line":5,"column":69}}],"line":5},"1":{"loc":{"start":{"line":8,"column":2},"end":{"line":8,"column":40}},"type":"if","locations":[{"start":{"line":8,"column":2},"end":{"line":8,"column":40}},{"start":{"line":8,"column":2},"end":{"line":8,"column":40}}],"line":8},"2":{"loc":{"start":{"line":8,"column":6},"end":{"line":8,"column":21}},"type":"binary-expr","locations":[{"start":{"line":8,"column":6},"end":{"line":8,"column":11}},{"start":{"line":8,"column":15},"end":{"line":8,"column":21}}],"line":8},"3":{"loc":{"start":{"line":11,"column":2},"end":{"line":11,"column":70}},"type":"if","locations":[{"start":{"line":11,"column":2},"end":{"line":11,"column":70}},{"start":{"line":11,"column":2},"end":{"line":11,"column":70}}],"line":11}},"s":{"0":1,"1":1,"2":1,"3":9,"4":9,"5":9,"6":5,"7":9,"8":9,"9":9,"10":3,"11":6,"12":9,"13":9,"14":9,"15":1},"f":{"0":9,"1":9},"b":{"0":[6],"1":[5,4],"2":[9,5],"3":[3,6]},"_coverageSchema":"1a1c01bbd47fc00a2c39e90264f33305004495a9","hash":"b3044f45b6cbe681e2c07606adc07f69de160c5b"}
}
