TN:
SF:app.js
FN:44,(anonymous_0)
FN:53,(anonymous_1)
FN:62,(anonymous_2)
FN:67,(anonymous_3)
FN:72,(anonymous_4)
FNF:5
FNH:5
FNDA:24,(anonymous_0)
FNDA:11,(anonymous_1)
FNDA:3,(anonymous_2)
FNDA:1,(anonymous_3)
FNDA:1,(anonymous_4)
DA:1,1
DA:2,1
DA:3,1
DA:4,1
DA:5,1
DA:6,1
DA:7,1
DA:8,1
DA:9,1
DA:10,1
DA:12,1
DA:13,1
DA:15,1
DA:16,1
DA:18,1
DA:20,1
DA:21,1
DA:23,1
DA:27,1
DA:29,1
DA:30,1
DA:39,1
DA:40,1
DA:43,1
DA:44,1
DA:45,24
DA:46,24
DA:48,1
DA:49,1
DA:54,11
DA:55,7
DA:57,4
DA:62,1
DA:63,3
DA:64,3
DA:67,1
DA:68,1
DA:69,1
DA:72,1
DA:73,1
DA:76,1
DA:78,1
DA:79,1
DA:81,1
LF:44
LH:44
BRDA:54,0,0,7
BRDA:54,0,1,4
BRF:2
BRH:2
end_of_record
TN:
SF:middlewares/error.js
FN:1,notFound
FN:7,errorHandler
FNF:2
FNH:2
FNDA:1,notFound
FNDA:3,errorHandler
DA:2,1
DA:3,1
DA:4,1
DA:8,3
DA:9,1
DA:11,2
DA:13,3
DA:18,1
LF:8
LH:8
BRDA:8,0,0,1
BRDA:8,0,1,2
BRF:2
BRH:2
end_of_record
TN:
SF:router/router.js
FN:7,(anonymous_0)
FN:13,(anonymous_1)
FN:21,(anonymous_2)
FN:29,(anonymous_3)
FN:36,(anonymous_4)
FNF:5
FNH:5
FNDA:2,(anonymous_0)
FNDA:5,(anonymous_1)
FNDA:2,(anonymous_2)
FNDA:2,(anonymous_3)
FNDA:1,(anonymous_4)
DA:1,1
DA:2,1
DA:4,1
DA:5,1
DA:7,1
DA:8,2
DA:9,2
DA:10,1
DA:13,1
DA:14,5
DA:15,4
DA:16,4
DA:17,3
DA:18,3
DA:21,1
DA:22,2
DA:23,2
DA:24,2
DA:25,2
DA:26,1
DA:29,1
DA:30,2
DA:31,2
DA:32,2
DA:33,1
DA:36,1
DA:37,1
DA:40,1
LF:28
LH:28
BRDA:9,0,0,1
BRDA:9,0,1,1
BRDA:14,1,0,1
BRDA:14,1,1,4
BRDA:16,2,0,1
BRDA:16,2,1,3
BRDA:25,3,0,1
BRDA:25,3,1,1
BRDA:32,4,0,1
BRDA:32,4,1,1
BRF:10
BRH:10
end_of_record
TN:
SF:tests/mockAuth.js
FN:14,(anonymous_0)
FN:27,(anonymous_1)
FN:30,(anonymous_2)
FNF:3
FNH:3
FNDA:2,(anonymous_0)
FNDA:1,(anonymous_1)
FNDA:10,(anonymous_2)
DA:1,1
DA:2,1
DA:4,1
DA:5,1
DA:7,1
DA:15,2
DA:16,2
DA:17,1
DA:19,1
DA:25,1
DA:28,1
DA:31,10
DA:35,1
DA:43,1
LF:14
LH:14
BRDA:16,0,0,1
BRDA:16,0,1,1
BRF:2
BRH:2
end_of_record
TN:
SF:util/config.js
FN:61,(anonymous_0)
FN:75,(anonymous_1)
FNF:2
FNH:2
FNDA:16,(anonymous_0)
FNDA:3,(anonymous_1)
DA:1,3
DA:2,3
DA:3,3
DA:5,3
DA:7,3
DA:8,3
DA:9,3
DA:10,3
DA:12,3
DA:43,3
DA:49,3
DA:51,3
DA:59,3
DA:61,3
DA:62,16
DA:75,3
DA:76,16
DA:77,13
DA:80,3
DA:82,3
LF:20
LH:20
BRDA:76,0,0,3
BRDA:76,0,1,13
BRF:2
BRH:2
end_of_record
TN:
SF:util/database.js
FN:4,(anonymous_0)
FN:13,(anonymous_1)
FN:15,(anonymous_2)
FN:21,(anonymous_3)
FN:30,(anonymous_4)
FN:33,(anonymous_5)
FN:37,(anonymous_6)
FN:42,(anonymous_7)
FN:45,(anonymous_8)
FN:48,(anonymous_9)
FN:51,(anonymous_10)
FN:52,(anonymous_11)
FN:54,(anonymous_12)
FN:57,(anonymous_13)
FN:60,(anonymous_14)
FN:64,(anonymous_15)
FN:68,(anonymous_16)
FN:69,(anonymous_17)
FN:71,(anonymous_18)
FN:75,(anonymous_19)
FN:79,(anonymous_20)
FN:83,(anonymous_21)
FN:87,(anonymous_22)
FN:91,(anonymous_23)
FN:92,(anonymous_24)
FN:94,(anonymous_25)
FN:99,(anonymous_26)
FN:103,(anonymous_27)
FNF:28
FNH:28
FNDA:5,(anonymous_0)
FNDA:1,(anonymous_1)
FNDA:4,(anonymous_2)
FNDA:30,(anonymous_3)
FNDA:5,(anonymous_4)
FNDA:2,(anonymous_5)
FNDA:1,(anonymous_6)
FNDA:3,(anonymous_7)
FNDA:2,(anonymous_8)
FNDA:6,(anonymous_9)
FNDA:5,(anonymous_10)
FNDA:1,(anonymous_11)
FNDA:16,(anonymous_12)
FNDA:1,(anonymous_13)
FNDA:6,(anonymous_14)
FNDA:6,(anonymous_15)
FNDA:4,(anonymous_16)
FNDA:2,(anonymous_17)
FNDA:2,(anonymous_18)
FNDA:5,(anonymous_19)
FNDA:2,(anonymous_20)
FNDA:1,(anonymous_21)
FNDA:12,(anonymous_22)
FNDA:9,(anonymous_23)
FNDA:3,(anonymous_24)
FNDA:16,(anonymous_25)
FNDA:3,(anonymous_26)
FNDA:6,(anonymous_27)
DA:1,3
DA:5,5
DA:6,5
DA:7,5
DA:8,5
DA:9,5
DA:10,5
DA:14,1
DA:15,4
DA:16,1
DA:17,1
DA:18,1
DA:22,30
DA:26,30
DA:27,30
DA:31,5
DA:34,2
DA:38,1
DA:39,1
DA:40,1
DA:43,3
DA:46,2
DA:49,6
DA:51,5
DA:52,1
DA:55,16
DA:58,1
DA:61,6
DA:65,6
DA:66,6
DA:68,4
DA:69,2
DA:72,2
DA:73,2
DA:76,5
DA:77,5
DA:80,2
DA:81,2
DA:84,1
DA:85,1
DA:88,12
DA:89,12
DA:91,9
DA:92,3
DA:95,16
DA:96,16
DA:97,16
DA:100,3
DA:101,3
DA:104,6
DA:105,6
DA:106,6
DA:110,3
LF:53
LH:53
BRDA:6,0,0,5
BRDA:6,0,1,1
BRDA:7,1,0,4
BRDA:7,1,1,1
BRDA:97,2,0,16
BRDA:97,2,1,10
BRF:6
BRH:6
end_of_record
TN:
SF:util/helpers.js
FN:5,cleanInputs
FN:16,stripsWebAddress
FN:22,isUserAuthorized
FNF:3
FNH:3
FNDA:16,cleanInputs
FNDA:18,stripsWebAddress
FNDA:2,isUserAuthorized
DA:1,2
DA:2,2
DA:3,2
DA:6,16
DA:7,16
DA:8,16
DA:9,13
DA:10,13
DA:11,13
DA:12,13
DA:13,9
DA:17,18
DA:18,18
DA:19,18
DA:23,2
DA:24,2
DA:25,1
DA:30,1
DA:31,1
DA:34,2
LF:20
LH:20
BRDA:5,0,0,12
BRDA:8,1,0,3
BRDA:8,1,1,13
BRDA:9,2,0,6
BRDA:9,2,1,7
BRDA:9,3,0,13
BRDA:9,3,1,7
BRDA:12,4,0,4
BRDA:12,4,1,9
BRDA:24,5,0,1
BRDA:24,5,1,1
BRF:11
BRH:11
end_of_record
