TN:
SF:lib/config.js
FNF:0
FNH:0
DA:1,2
DA:2,2
DA:3,2
DA:5,2
DA:7,2
DA:8,2
DA:9,2
DA:11,2
DA:43,2
DA:45,2
DA:55,2
DA:57,2
LF:12
LH:12
BRF:0
BRH:0
end_of_record
TN:
SF:lib/database.js
FN:4,(anonymous_0)
FN:10,(anonymous_1)
FN:20,(anonymous_2)
FN:23,(anonymous_3)
FN:27,(anonymous_4)
FN:32,(anonymous_5)
FN:35,(anonymous_6)
FN:38,(anonymous_7)
FN:41,(anonymous_8)
FN:44,(anonymous_9)
FN:47,(anonymous_10)
FN:50,(anonymous_11)
FN:54,(anonymous_12)
FN:58,(anonymous_13)
FN:62,(anonymous_14)
FN:66,(anonymous_15)
FN:71,(anonymous_16)
FNF:17
FNH:17
FNDA:3,(anonymous_0)
FNDA:3,(anonymous_1)
FNDA:3,(anonymous_2)
FNDA:3,(anonymous_3)
FNDA:1,(anonymous_4)
FNDA:2,(anonymous_5)
FNDA:2,(anonymous_6)
FNDA:1,(anonymous_7)
FNDA:1,(anonymous_8)
FNDA:1,(anonymous_9)
FNDA:2,(anonymous_10)
FNDA:1,(anonymous_11)
FNDA:2,(anonymous_12)
FNDA:1,(anonymous_13)
FNDA:5,(anonymous_14)
FNDA:10,(anonymous_15)
FNDA:1,(anonymous_16)
DA:1,2
DA:5,3
DA:6,3
DA:7,3
DA:11,3
DA:15,3
DA:16,3
DA:17,3
DA:21,3
DA:24,3
DA:28,1
DA:29,1
DA:30,1
DA:33,2
DA:36,2
DA:39,1
DA:42,1
DA:45,1
DA:48,2
DA:51,1
DA:52,1
DA:55,2
DA:56,2
DA:59,1
DA:60,1
DA:63,5
DA:64,5
DA:67,10
DA:68,10
DA:69,10
DA:72,1
DA:73,1
DA:77,2
LF:33
LH:33
BRDA:69,0,0,10
BRDA:69,0,1,6
BRF:2
BRH:2
end_of_record
TN:
SF:lib/helpers.js
FN:5,schemaValidation
FN:15,stripsWebAddress
FNF:2
FNH:2
FNDA:9,schemaValidation
FNDA:9,stripsWebAddress
DA:1,1
DA:2,1
DA:3,1
DA:6,9
DA:7,9
DA:8,9
DA:9,9
DA:10,9
DA:11,9
DA:12,6
DA:16,9
DA:17,9
DA:18,9
DA:21,1
LF:14
LH:14
BRDA:5,0,0,6
BRDA:8,1,0,5
BRDA:8,1,1,4
BRDA:8,2,0,9
BRDA:8,2,1,5
BRDA:11,3,0,3
BRDA:11,3,1,6
BRF:7
BRH:7
end_of_record
